SF:lib/src/authentication_repository.dart
DA:13,1
DA:17,0
DA:19,0
DA:20,0
DA:23,0
DA:24,0
DA:27,0
DA:28,0
DA:31,0
DA:32,0
DA:35,0
DA:36,0
DA:40,0
DA:48,1
DA:52,0
DA:54,0
DA:55,0
DA:58,0
DA:59,0
DA:62,0
DA:63,0
DA:66,0
DA:67,0
DA:71,0
DA:78,1
DA:82,0
DA:84,0
DA:85,0
DA:88,0
DA:89,0
DA:92,0
DA:93,0
DA:96,0
DA:97,0
DA:100,0
DA:101,0
DA:104,0
DA:105,0
DA:108,0
DA:109,0
DA:112,0
DA:113,0
DA:117,0
DA:130,1
DA:134,1
DA:135,1
DA:136,1
DA:144,1
DA:145,2
DA:146,1
DA:147,1
DA:148,1
DA:149,2
DA:154,1
DA:155,2
DA:158,1
DA:160,3
DA:164,1
DA:165,0
DA:167,1
DA:171,1
DA:174,1
DA:175,1
DA:176,3
DA:177,1
DA:179,3
DA:180,2
DA:181,1
DA:182,1
DA:183,1
DA:186,3
DA:187,1
DA:188,0
DA:190,1
DA:194,1
DA:196,3
DA:200,1
DA:201,0
DA:203,1
DA:207,1
DA:209,3
DA:210,2
DA:211,2
DA:214,1
DA:221,1
DA:222,5
LF:86
LH:43
end_of_record
SF:lib/src/models/user.dart
DA:9,5
DA:18,2
DA:20,2
DA:22,2
DA:23,10
LF:5
LH:5
end_of_record
